[07Apr2025 00:03:22.738] [Server thread/WARN] [tombstone/]: The death event of the player Antonio was canceled by another mod
[07Apr2025 00:03:22.740] [Server thread/INFO] [tombstone/]: The player Antonio has successfully been saved
[07Apr2025 00:04:03.737] [Server thread/WARN] [tombstone/]: The death event of the player Antonio was canceled by another mod
[07Apr2025 00:04:03.742] [Server thread/INFO] [tombstone/]: The player Antonio has successfully been saved
[07Apr2025 00:04:30.453] [Server thread/INFO] [net.minecraft.server.MinecraftServer/]: [Antonio: Teleported MATTBXB to Antonio]
[07Apr2025 00:04:43.940] [Server thread/INFO] [net.minecraft.server.network.ServerGamePacketListenerImpl/]: Antonio lost connection: Disconnected
[07Apr2025 00:04:43.940] [Server thread/INFO] [net.minecraft.server.MinecraftServer/]: Antonio left the game
[07Apr2025 00:04:43.940] [Server thread/INFO] [voicechat/]: [voicechat] Disconnecting client Antonio
[07Apr2025 00:04:43.991] [Server thread/WARN] [net.minecraft.network.Connection/]: handleDisconnection() called twice
[07Apr2025 00:05:00.190] [Server thread/INFO] [net.minecraft.server.network.ServerGamePacketListenerImpl/]: MATTBXB lost connection: Timed out
[07Apr2025 00:05:00.190] [Server thread/INFO] [net.minecraft.server.MinecraftServer/]: MATTBXB left the game
[07Apr2025 00:05:00.191] [Server thread/INFO] [voicechat/]: [voicechat] Disconnecting client MATTBXB
[07Apr2025 00:05:57.981] [Server thread/INFO] [net.minecraft.server.MinecraftServer/]: Stopping the server
[07Apr2025 00:05:58.033] [Server thread/INFO] [net.minecraft.server.MinecraftServer/]: Stopping server
[07Apr2025 00:05:58.034] [Server thread/INFO] [net.minecraft.server.MinecraftServer/]: Saving players
[07Apr2025 00:05:58.034] [Server thread/INFO] [net.minecraft.server.MinecraftServer/]: Saving worlds
[07Apr2025 00:05:58.239] [Server thread/INFO] [net.minecraft.server.MinecraftServer/]: Saving chunks for level 'ServerLevel[world]'/minecraft:overworld
[07Apr2025 00:06:00.870] [Server thread/INFO] [net.minecraft.server.MinecraftServer/]: Saving chunks for level 'ServerLevel[world]'/minecraft:the_end
[07Apr2025 00:06:00.871] [Server thread/INFO] [net.minecraft.server.MinecraftServer/]: Saving chunks for level 'ServerLevel[world]'/twilightforest:twilight_forest
[07Apr2025 00:06:00.873] [Server thread/INFO] [net.minecraft.server.MinecraftServer/]: Saving chunks for level 'ServerLevel[world]'/minecraft:the_nether
[07Apr2025 00:06:00.898] [Server thread/INFO] [net.minecraft.server.MinecraftServer/]: ThreadedAnvilChunkStorage (world): All chunks are saved
[07Apr2025 00:06:00.898] [Server thread/INFO] [net.minecraft.server.MinecraftServer/]: ThreadedAnvilChunkStorage (DIM1): All chunks are saved
[07Apr2025 00:06:00.901] [Server thread/INFO] [net.minecraft.server.MinecraftServer/]: ThreadedAnvilChunkStorage (twilight_forest): All chunks are saved
[07Apr2025 00:06:00.902] [Server thread/INFO] [net.minecraft.server.MinecraftServer/]: ThreadedAnvilChunkStorage (DIM-1): All chunks are saved
[07Apr2025 00:06:00.902] [Server thread/INFO] [net.minecraft.server.MinecraftServer/]: ThreadedAnvilChunkStorage: All dimensions are saved
[07Apr2025 00:06:00.946] [Server thread/INFO] [journeymap/]: Loading JourneyMap Forge Configs
